This is pdfTeX, Version 3.141592653-2.6-1.40.24 (MiKTeX 23.1) (preloaded format=pdflatex 2023.4.10)  15 MAR 2024 09:41
entering extended mode
 restricted \write18 enabled.
 %&-line parsing enabled.
**./picture.tex
(picture.tex
LaTeX2e <2022-11-01> patch level 1
L3 programming layer <2023-03-30>
(C:\Users\陈启钰\AppData\Local\Programs\MiKTeX\tex/latex/ctex\ctexart.cls
(C:\Users\陈启钰\AppData\Local\Programs\MiKTeX\tex/latex/ctex/config\ctexbac
kend.cfg
File: ctexbackend.cfg 2022/07/14 v2.5.10 Backend configuration file (CTEX)
)
(C:\Users\陈启钰\AppData\Local\Programs\MiKTeX\tex/latex/l3kernel\expl3.sty
Package: expl3 2023-03-30 L3 programming layer (loader) 

(C:\Users\陈启钰\AppData\Local\Programs\MiKTeX\tex/latex/l3backend\l3backend
-pdftex.def
File: l3backend-pdftex.def 2023-03-30 L3 backend support: PDF output (pdfTeX)
\l__color_backend_stack_int=\count185
\l__pdf_internal_box=\box51
))
Document Class: ctexart 2022/07/14 v2.5.10 Chinese adapter for class article (C
TEX)
(C:\Users\陈启钰\AppData\Local\Programs\MiKTeX\tex/latex/ctex\ctexhook.sty
Package: ctexhook 2022/07/14 v2.5.10 Document and package hooks (CTEX)
)
(C:\Users\陈启钰\AppData\Local\Programs\MiKTeX\tex/latex/ctex\ctexpatch.sty
Package: ctexpatch 2022/07/14 v2.5.10 Patching commands (CTEX)
) (C:\Users\陈启钰\AppData\Local\Programs\MiKTeX\tex/latex/base\fix-cm.sty
Package: fix-cm 2020/11/24 v1.1t fixes to LaTeX

(C:\Users\陈启钰\AppData\Local\Programs\MiKTeX\tex/latex/base\ts1enc.def
File: ts1enc.def 2001/06/05 v3.0e (jk/car/fm) Standard LaTeX file
LaTeX Font Info:    Redeclaring font encoding TS1 on input line 47.
))
\l__ctex_tmp_int=\count186
\l__ctex_tmp_box=\box52
\l__ctex_tmp_dim=\dimen140
\g__ctex_section_depth_int=\count187
\g__ctex_font_size_int=\count188

(C:\Users\陈启钰\AppData\Local\Programs\MiKTeX\tex/latex/ctex/config\ctexopt
s.cfg
File: ctexopts.cfg 2022/07/14 v2.5.10 Option configuration file (CTEX)
)

Class ctexart Warning: UTF8 will be used as the default encoding.

(C:\Users\陈启钰\AppData\Local\Programs\MiKTeX\tex/latex/base\article.cls
Document Class: article 2022/07/02 v1.4n Standard LaTeX document class
(C:\Users\陈启钰\AppData\Local\Programs\MiKTeX\tex/latex/base\size10.clo
File: size10.clo 2022/07/02 v1.4n Standard LaTeX file (size option)
)
\c@part=\count189
\c@section=\count190
\c@subsection=\count191
\c@subsubsection=\count192
\c@paragraph=\count193
\c@subparagraph=\count194
\c@figure=\count195
\c@table=\count196
\abovecaptionskip=\skip48
\belowcaptionskip=\skip49
\bibindent=\dimen141
)
(C:\Users\陈启钰\AppData\Local\Programs\MiKTeX\tex/latex/ctex/engine\ctex-en
gine-pdftex.def
File: ctex-engine-pdftex.def 2022/07/14 v2.5.10 (pdf)LaTeX adapter (CTEX)

(C:\Users\陈启钰\AppData\Local\Programs\MiKTeX\tex/latex/cjk\CJKutf8.sty
Package: CJKutf8 2021/10/16 4.8.5

(C:\Users\陈启钰\AppData\Local\Programs\MiKTeX\tex/generic/iftex\ifpdf.sty
Package: ifpdf 2019/10/25 v3.4 ifpdf legacy package. Use iftex instead.

(C:\Users\陈启钰\AppData\Local\Programs\MiKTeX\tex/generic/iftex\iftex.sty
Package: iftex 2022/02/03 v1.0f TeX engine tests
)) (C:\Users\陈启钰\AppData\Local\Programs\MiKTeX\tex/latex/base\inputenc.st
y
Package: inputenc 2021/02/14 v1.3d Input encoding file
\inpenc@prehook=\toks16
\inpenc@posthook=\toks17
) (C:\Users\陈启钰\AppData\Local\Programs\MiKTeX\tex/latex/cjk\CJK.sty
Package: CJK 2021/10/16 4.8.5

(C:\Users\陈启钰\AppData\Local\Programs\MiKTeX\tex/latex/cjk/mule\MULEenc.st
y
Package: MULEenc 2021/10/16 4.8.5
) (C:\Users\陈启钰\AppData\Local\Programs\MiKTeX\tex/latex/cjk\CJK.enc
File: CJK.enc 2021/10/16 4.8.5
Now handling font encoding C00 ...
... no UTF-8 mapping file for font encoding C00
Now handling font encoding C05 ...
... no UTF-8 mapping file for font encoding C05
Now handling font encoding C09 ...
... no UTF-8 mapping file for font encoding C09
Now handling font encoding C10 ...
... no UTF-8 mapping file for font encoding C10
Now handling font encoding C20 ...
... no UTF-8 mapping file for font encoding C20
Now handling font encoding C19 ...
... no UTF-8 mapping file for font encoding C19
Now handling font encoding C40 ...
... no UTF-8 mapping file for font encoding C40
Now handling font encoding C42 ...
... no UTF-8 mapping file for font encoding C42
Now handling font encoding C43 ...
... no UTF-8 mapping file for font encoding C43
Now handling font encoding C50 ...
... no UTF-8 mapping file for font encoding C50
Now handling font encoding C52 ...
... no UTF-8 mapping file for font encoding C52
Now handling font encoding C49 ...
... no UTF-8 mapping file for font encoding C49
Now handling font encoding C60 ...
... no UTF-8 mapping file for font encoding C60
Now handling font encoding C61 ...
... no UTF-8 mapping file for font encoding C61
Now handling font encoding C63 ...
... no UTF-8 mapping file for font encoding C63
Now handling font encoding C64 ...
... no UTF-8 mapping file for font encoding C64
Now handling font encoding C65 ...
... no UTF-8 mapping file for font encoding C65
Now handling font encoding C70 ...
... no UTF-8 mapping file for font encoding C70
Now handling font encoding C31 ...
... no UTF-8 mapping file for font encoding C31
Now handling font encoding C32 ...
... no UTF-8 mapping file for font encoding C32
Now handling font encoding C33 ...
... no UTF-8 mapping file for font encoding C33
Now handling font encoding C34 ...
... no UTF-8 mapping file for font encoding C34
Now handling font encoding C35 ...
... no UTF-8 mapping file for font encoding C35
Now handling font encoding C36 ...
... no UTF-8 mapping file for font encoding C36
Now handling font encoding C37 ...
... no UTF-8 mapping file for font encoding C37
Now handling font encoding C80 ...
... no UTF-8 mapping file for font encoding C80
Now handling font encoding C81 ...
... no UTF-8 mapping file for font encoding C81
Now handling font encoding C01 ...
... no UTF-8 mapping file for font encoding C01
Now handling font encoding C11 ...
... no UTF-8 mapping file for font encoding C11
Now handling font encoding C21 ...
... no UTF-8 mapping file for font encoding C21
Now handling font encoding C41 ...
... no UTF-8 mapping file for font encoding C41
Now handling font encoding C62 ...
... no UTF-8 mapping file for font encoding C62
)
\CJK@indent=\box53
)
(C:\Users\陈启钰\AppData\Local\Programs\MiKTeX\tex/latex/base\fontenc.sty
Package: fontenc 2021/04/29 v2.0v Standard LaTeX package
))
(C:\Users\陈启钰\AppData\Local\Programs\MiKTeX\tex/latex/cjkpunct\CJKpunct.s
ty
Package: CJKpunct 2016/05/14 4.8.4
\CJKpunct@cnta=\count197
\CJKpunct@cntb=\count198
\CJKpunct@cntc=\count199
\CJKpunct@cntd=\count266
\CJKpunct@cnte=\count267
   defining Unicode char U+2018 (decimal 8216)
   defining Unicode char U+2019 (decimal 8217)
   defining Unicode char U+201C (decimal 8220)
   defining Unicode char U+201D (decimal 8221)
   defining Unicode char U+2014 (decimal 8212)
   defining Unicode char U+2026 (decimal 8230)

(C:\Users\陈启钰\AppData\Local\Programs\MiKTeX\tex/latex/cjkpunct\CJKpunct.s
pa))
(C:\Users\陈启钰\AppData\Local\Programs\MiKTeX\tex/latex/cjk\CJKspace.sty
Package: CJKspace 2021/10/16 3.8.0
)
(C:\Users\陈启钰\AppData\Local\Programs\MiKTeX\tex/latex/cjk/UTF8\UTF8.bdg
File: UTF8.bdg 2021/10/16 4.8.5
)
(C:\Users\陈启钰\AppData\Local\Programs\MiKTeX\tex/latex/ctex\ctexspa.def
File: ctexspa.def 2022/07/14 v2.5.10 Space info for CJKpunct (CTEX)
)
\ccwd=\dimen142
\l__ctex_ccglue_skip=\skip50
)
\l__ctex_ziju_dim=\dimen143

(C:\Users\陈启钰\AppData\Local\Programs\MiKTeX\tex/latex/zhnumber\zhnumber.s
ty
Package: zhnumber 2022/07/14 v3.0 Typesetting numbers with Chinese glyphs
\l__zhnum_scale_int=\count268
\l__zhnum_tmp_int=\count269

(C:\Users\陈启钰\AppData\Local\Programs\MiKTeX\tex/latex/zhnumber\zhnumber-u
tf8.cfg
File: zhnumber-utf8.cfg 2022/07/14 v3.0 Chinese numerals with UTF8 encoding
))
\l__ctex_heading_skip=\skip51

(C:\Users\陈启钰\AppData\Local\Programs\MiKTeX\tex/latex/ctex/scheme\ctex-sc
heme-chinese-article.def
File: ctex-scheme-chinese-article.def 2022/07/14 v2.5.10 Chinese scheme for art
icle (CTEX)

(C:\Users\陈启钰\AppData\Local\Programs\MiKTeX\tex/latex/ctex/config\ctex-na
me-utf8.cfg
File: ctex-name-utf8.cfg 2022/07/14 v2.5.10 Caption with encoding UTF-8 (CTEX)
))
(C:\Users\陈启钰\AppData\Local\Programs\MiKTeX\tex/latex/ctex\ctex-c5size.cl
o
File: ctex-c5size.clo 2022/07/14 v2.5.10 c5size option (CTEX)
)
(C:\Users\陈启钰\AppData\Local\Programs\MiKTeX\tex/latex/ctex/fontset\ctex-f
ontset-windows.def
File: ctex-fontset-windows.def 2022/07/14 v2.5.10 Windows fonts definition (CTE
X)
))
(C:\Users\陈启钰\AppData\Local\Programs\MiKTeX\tex/latex/ctex/config\ctex.cf
g
File: ctex.cfg 2022/07/14 v2.5.10 Configuration file (CTEX)
)
(C:\Users\陈启钰\AppData\Local\Programs\MiKTeX\tex/latex/amsmath\amsmath.sty
Package: amsmath 2022/04/08 v2.17n AMS math features
\@mathmargin=\skip52
For additional information on amsmath, use the `?' option.

(C:\Users\陈启钰\AppData\Local\Programs\MiKTeX\tex/latex/amsmath\amstext.sty
Package: amstext 2021/08/26 v2.01 AMS text
(C:\Users\陈启钰\AppData\Local\Programs\MiKTeX\tex/latex/amsmath\amsgen.sty
File: amsgen.sty 1999/11/30 v2.0 generic functions
\@emptytoks=\toks18
\ex@=\dimen144
))
(C:\Users\陈启钰\AppData\Local\Programs\MiKTeX\tex/latex/amsmath\amsbsy.sty
Package: amsbsy 1999/11/29 v1.2d Bold Symbols
\pmbraise@=\dimen145
) (C:\Users\陈启钰\AppData\Local\Programs\MiKTeX\tex/latex/amsmath\amsopn.st
y
Package: amsopn 2022/04/08 v2.04 operator names
)
\inf@bad=\count270
LaTeX Info: Redefining \frac on input line 234.
\uproot@=\count271
\leftroot@=\count272
LaTeX Info: Redefining \overline on input line 399.
LaTeX Info: Redefining \colon on input line 410.
\classnum@=\count273
\DOTSCASE@=\count274
LaTeX Info: Redefining \ldots on input line 496.
LaTeX Info: Redefining \dots on input line 499.
LaTeX Info: Redefining \cdots on input line 620.
\Mathstrutbox@=\box54
\strutbox@=\box55
LaTeX Info: Redefining \big on input line 722.
LaTeX Info: Redefining \Big on input line 723.
LaTeX Info: Redefining \bigg on input line 724.
LaTeX Info: Redefining \Bigg on input line 725.
\big@size=\dimen146
LaTeX Font Info:    Redeclaring font encoding OML on input line 743.
LaTeX Font Info:    Redeclaring font encoding OMS on input line 744.
\macc@depth=\count275
LaTeX Info: Redefining \bmod on input line 905.
LaTeX Info: Redefining \pmod on input line 910.
LaTeX Info: Redefining \smash on input line 940.
LaTeX Info: Redefining \relbar on input line 970.
LaTeX Info: Redefining \Relbar on input line 971.
\c@MaxMatrixCols=\count276
\dotsspace@=\muskip16
\c@parentequation=\count277
\dspbrk@lvl=\count278
\tag@help=\toks19
\row@=\count279
\column@=\count280
\maxfields@=\count281
\andhelp@=\toks20
\eqnshift@=\dimen147
\alignsep@=\dimen148
\tagshift@=\dimen149
\tagwidth@=\dimen150
\totwidth@=\dimen151
\lineht@=\dimen152
\@envbody=\toks21
\multlinegap=\skip53
\multlinetaggap=\skip54
\mathdisplay@stack=\toks22
LaTeX Info: Redefining \[ on input line 2953.
LaTeX Info: Redefining \] on input line 2954.
)
(C:\Users\陈启钰\AppData\Local\Programs\MiKTeX\tex/latex/graphics\graphicx.s
ty
Package: graphicx 2021/09/16 v1.2d Enhanced LaTeX Graphics (DPC,SPQR)

(C:\Users\陈启钰\AppData\Local\Programs\MiKTeX\tex/latex/graphics\keyval.sty
Package: keyval 2022/05/29 v1.15 key=value parser (DPC)
\KV@toks@=\toks23
)
(C:\Users\陈启钰\AppData\Local\Programs\MiKTeX\tex/latex/graphics\graphics.s
ty
Package: graphics 2022/03/10 v1.4e Standard LaTeX Graphics (DPC,SPQR)

(C:\Users\陈启钰\AppData\Local\Programs\MiKTeX\tex/latex/graphics\trig.sty
Package: trig 2021/08/11 v1.11 sin cos tan (DPC)
)
(C:\Users\陈启钰\AppData\Local\Programs\MiKTeX\tex/latex/graphics-cfg\graphi
cs.cfg
File: graphics.cfg 2016/06/04 v1.11 sample graphics configuration
)
Package graphics Info: Driver file: pdftex.def on input line 107.

(C:\Users\陈启钰\AppData\Local\Programs\MiKTeX\tex/latex/graphics-def\pdftex
.def
File: pdftex.def 2022/09/22 v1.2b Graphics/color driver for pdftex
))
\Gin@req@height=\dimen153
\Gin@req@width=\dimen154
)
(C:\Users\陈启钰\AppData\Local\Programs\MiKTeX\tex/latex/float\float.sty
Package: float 2001/11/08 v1.3d Float enhancements (AL)
\c@float@type=\count282
\float@exts=\toks24
\float@box=\box56
\@float@everytoks=\toks25
\@floatcapt=\box57
)
(C:\Users\陈启钰\AppData\Local\Programs\MiKTeX\tex/latex/geometry\geometry.s
ty
Package: geometry 2020/01/02 v5.9 Page Geometry

(C:\Users\陈启钰\AppData\Local\Programs\MiKTeX\tex/generic/iftex\ifvtex.sty
Package: ifvtex 2019/10/25 v1.7 ifvtex legacy package. Use iftex instead.
)
\Gm@cnth=\count283
\Gm@cntv=\count284
\c@Gm@tempcnt=\count285
\Gm@bindingoffset=\dimen155
\Gm@wd@mp=\dimen156
\Gm@odd@mp=\dimen157
\Gm@even@mp=\dimen158
\Gm@layoutwidth=\dimen159
\Gm@layoutheight=\dimen160
\Gm@layouthoffset=\dimen161
\Gm@layoutvoffset=\dimen162
\Gm@dimlist=\toks26

(C:\Users\陈启钰\AppData\Local\Programs\MiKTeX\tex/latex/geometry\geometry.c
fg))
(C:\Users\陈启钰\AppData\Local\Programs\MiKTeX\tex/latex/hyperref\hyperref.s
ty
Package: hyperref 2023-02-07 v7.00v Hypertext links for LaTeX

(C:\Users\陈启钰\AppData\Local\Programs\MiKTeX\tex/generic/ltxcmds\ltxcmds.s
ty
Package: ltxcmds 2020-05-10 v1.25 LaTeX kernel commands for general use (HO)
)
(C:\Users\陈启钰\AppData\Local\Programs\MiKTeX\tex/generic/pdftexcmds\pdftex
cmds.sty
Package: pdftexcmds 2020-06-27 v0.33 Utility functions of pdfTeX for LuaTeX (HO
)

(C:\Users\陈启钰\AppData\Local\Programs\MiKTeX\tex/generic/infwarerr\infware
rr.sty
Package: infwarerr 2019/12/03 v1.5 Providing info/warning/error messages (HO)
)
Package pdftexcmds Info: \pdf@primitive is available.
Package pdftexcmds Info: \pdf@ifprimitive is available.
Package pdftexcmds Info: \pdfdraftmode found.
)
(C:\Users\陈启钰\AppData\Local\Programs\MiKTeX\tex/latex/kvsetkeys\kvsetkeys
.sty
Package: kvsetkeys 2022-10-05 v1.19 Key value parser (HO)
)
(C:\Users\陈启钰\AppData\Local\Programs\MiKTeX\tex/generic/kvdefinekeys\kvde
finekeys.sty
Package: kvdefinekeys 2019-12-19 v1.6 Define keys (HO)
)
(C:\Users\陈启钰\AppData\Local\Programs\MiKTeX\tex/generic/pdfescape\pdfesca
pe.sty
Package: pdfescape 2019/12/09 v1.15 Implements pdfTeX's escape features (HO)
)
(C:\Users\陈启钰\AppData\Local\Programs\MiKTeX\tex/latex/hycolor\hycolor.sty
Package: hycolor 2020-01-27 v1.10 Color options for hyperref/bookmark (HO)
)
(C:\Users\陈启钰\AppData\Local\Programs\MiKTeX\tex/latex/letltxmacro\letltxm
acro.sty
Package: letltxmacro 2019/12/03 v1.6 Let assignment for LaTeX macros (HO)
)
(C:\Users\陈启钰\AppData\Local\Programs\MiKTeX\tex/latex/auxhook\auxhook.sty
Package: auxhook 2019-12-17 v1.6 Hooks for auxiliary files (HO)
)
(C:\Users\陈启钰\AppData\Local\Programs\MiKTeX\tex/latex/hyperref\nameref.st
y
Package: nameref 2022-05-17 v2.50 Cross-referencing by name of section

(C:\Users\陈启钰\AppData\Local\Programs\MiKTeX\tex/latex/refcount\refcount.s
ty
Package: refcount 2019/12/15 v3.6 Data extraction from label references (HO)
)
(C:\Users\陈启钰\AppData\Local\Programs\MiKTeX\tex/generic/gettitlestring\ge
ttitlestring.sty
Package: gettitlestring 2019/12/15 v1.6 Cleanup title references (HO)

(C:\Users\陈启钰\AppData\Local\Programs\MiKTeX\tex/latex/kvoptions\kvoptions
.sty
Package: kvoptions 2022-06-15 v3.15 Key value format for package options (HO)
))
\c@section@level=\count286
)
\@linkdim=\dimen163
\Hy@linkcounter=\count287
\Hy@pagecounter=\count288

(C:\Users\陈启钰\AppData\Local\Programs\MiKTeX\tex/latex/hyperref\pd1enc.def
File: pd1enc.def 2023-02-07 v7.00v Hyperref: PDFDocEncoding definition (HO)
Now handling font encoding PD1 ...
... no UTF-8 mapping file for font encoding PD1
)
(C:\Users\陈启钰\AppData\Local\Programs\MiKTeX\tex/generic/intcalc\intcalc.s
ty
Package: intcalc 2019/12/15 v1.3 Expandable calculations with integers (HO)
)
(C:\Users\陈启钰\AppData\Local\Programs\MiKTeX\tex/generic/etexcmds\etexcmds
.sty
Package: etexcmds 2019/12/15 v1.7 Avoid name clashes with e-TeX commands (HO)
)
\Hy@SavedSpaceFactor=\count289

(C:\Users\陈启钰\AppData\Local\Programs\MiKTeX\tex/latex/hyperref\puenc.def
File: puenc.def 2023-02-07 v7.00v Hyperref: PDF Unicode definition (HO)
Now handling font encoding PU ...
... no UTF-8 mapping file for font encoding PU
)
Package hyperref Info: Option `unicode' set `true' on input line 4060.
Package hyperref Info: Hyper figures OFF on input line 4177.
Package hyperref Info: Link nesting OFF on input line 4182.
Package hyperref Info: Hyper index ON on input line 4185.
Package hyperref Info: Plain pages OFF on input line 4192.
Package hyperref Info: Backreferencing OFF on input line 4197.
Package hyperref Info: Implicit mode ON; LaTeX internals redefined.
Package hyperref Info: Bookmarks ON on input line 4425.
\c@Hy@tempcnt=\count290
(C:\Users\陈启钰\AppData\Local\Programs\MiKTeX\tex/latex/url\url.sty
\Urlmuskip=\muskip17
Package: url 2013/09/16  ver 3.4  Verb mode for urls, etc.
)
LaTeX Info: Redefining \url on input line 4763.
\XeTeXLinkMargin=\dimen164

(C:\Users\陈启钰\AppData\Local\Programs\MiKTeX\tex/generic/bitset\bitset.sty
Package: bitset 2019/12/09 v1.3 Handle bit-vector datatype (HO)

(C:\Users\陈启钰\AppData\Local\Programs\MiKTeX\tex/generic/bigintcalc\bigint
calc.sty
Package: bigintcalc 2019/12/15 v1.5 Expandable calculations on big integers (HO
)
))
\Fld@menulength=\count291
\Field@Width=\dimen165
\Fld@charsize=\dimen166
Package hyperref Info: Hyper figures OFF on input line 6042.
Package hyperref Info: Link nesting OFF on input line 6047.
Package hyperref Info: Hyper index ON on input line 6050.
Package hyperref Info: backreferencing OFF on input line 6057.
Package hyperref Info: Link coloring OFF on input line 6062.
Package hyperref Info: Link coloring with OCG OFF on input line 6067.
Package hyperref Info: PDF/A mode OFF on input line 6072.

(C:\Users\陈启钰\AppData\Local\Programs\MiKTeX\tex/latex/base\atbegshi-ltx.s
ty
Package: atbegshi-ltx 2021/01/10 v1.0c Emulation of the original atbegshi
package with kernel methods
)
\Hy@abspage=\count292
\c@Item=\count293
\c@Hfootnote=\count294
)
Package hyperref Info: Driver (autodetected): hpdftex.

(C:\Users\陈启钰\AppData\Local\Programs\MiKTeX\tex/latex/hyperref\hpdftex.de
f
File: hpdftex.def 2023-02-07 v7.00v Hyperref driver for pdfTeX

(C:\Users\陈启钰\AppData\Local\Programs\MiKTeX\tex/latex/base\atveryend-ltx.
sty
Package: atveryend-ltx 2020/08/19 v1.0a Emulation of the original atveryend pac
kage
with kernel methods
)
\Fld@listcount=\count295
\c@bookmark@seq@number=\count296

(C:\Users\陈启钰\AppData\Local\Programs\MiKTeX\tex/latex/rerunfilecheck\reru
nfilecheck.sty
Package: rerunfilecheck 2022-07-10 v1.10 Rerun checks for auxiliary files (HO)

(C:\Users\陈启钰\AppData\Local\Programs\MiKTeX\tex/generic/uniquecounter\uni
quecounter.sty
Package: uniquecounter 2019/12/15 v1.4 Provide unlimited unique counter (HO)
)
Package uniquecounter Info: New unique counter `rerunfilecheck' on input line 2
85.
)
\Hy@SectionHShift=\skip55
)
(C:\Users\陈启钰\AppData\Local\Programs\MiKTeX\tex/latex/subfigure\subfigure
.sty
Package: subfigure 2002/07/30 v2.1.4 subfigure package
\subfigtopskip=\skip56
\subfigcapskip=\skip57
\subfigcaptopadj=\dimen167
\subfigbottomskip=\skip58
\subfigcapmargin=\dimen168
\subfiglabelskip=\skip59
\c@subfigure=\count297
\c@lofdepth=\count298
\c@subtable=\count299
\c@lotdepth=\count300

****************************************
* Local config file subfigure.cfg used *
****************************************

(C:\Users\陈启钰\AppData\Local\Programs\MiKTeX\tex/latex/subfigure\subfigure
.cfg)
\subfig@top=\skip60
\subfig@bottom=\skip61
)
(C:\Users\陈启钰\AppData\Local\Programs\MiKTeX\tex/latex/tools\tabularx.sty
Package: tabularx 2020/01/15 v2.11c `tabularx' package (DPC)

(C:\Users\陈启钰\AppData\Local\Programs\MiKTeX\tex/latex/tools\array.sty
Package: array 2022/09/04 v2.5g Tabular extension package (FMi)
\col@sep=\dimen169
\ar@mcellbox=\box58
\extrarowheight=\dimen170
\NC@list=\toks27
\extratabsurround=\skip62
\backup@length=\skip63
\ar@cellbox=\box59
)
\TX@col@width=\dimen171
\TX@old@table=\dimen172
\TX@old@col=\dimen173
\TX@target=\dimen174
\TX@delta=\dimen175
\TX@cols=\count301
\TX@ftn=\toks28
)
(C:\Users\陈启钰\AppData\Local\Programs\MiKTeX\tex/latex/cjk/UTF8\UTF8.enc
File: UTF8.enc 2021/10/16 4.8.5
)
(C:\Users\陈启钰\AppData\Local\Programs\MiKTeX\tex/latex/cjk/UTF8\UTF8.chr
File: UTF8.chr 2021/10/16 4.8.5
)
(picture.aux)
\openout1 = `picture.aux'.

LaTeX Font Info:    Checking defaults for OML/cmm/m/it on input line 12.
LaTeX Font Info:    ... okay on input line 12.
LaTeX Font Info:    Checking defaults for OMS/cmsy/m/n on input line 12.
LaTeX Font Info:    ... okay on input line 12.
LaTeX Font Info:    Checking defaults for OT1/cmr/m/n on input line 12.
LaTeX Font Info:    ... okay on input line 12.
LaTeX Font Info:    Checking defaults for T1/cmr/m/n on input line 12.
LaTeX Font Info:    ... okay on input line 12.
LaTeX Font Info:    Checking defaults for TS1/cmr/m/n on input line 12.
LaTeX Font Info:    ... okay on input line 12.
LaTeX Font Info:    Checking defaults for OMX/cmex/m/n on input line 12.
LaTeX Font Info:    ... okay on input line 12.
LaTeX Font Info:    Checking defaults for U/cmr/m/n on input line 12.
LaTeX Font Info:    ... okay on input line 12.
LaTeX Font Info:    Checking defaults for C00/song/m/n on input line 12.
LaTeX Font Info:    ... okay on input line 12.
LaTeX Font Info:    Checking defaults for C05/song/m/n on input line 12.
LaTeX Font Info:    ... okay on input line 12.
LaTeX Font Info:    Checking defaults for C09/song/m/n on input line 12.
LaTeX Font Info:    ... okay on input line 12.
LaTeX Font Info:    Checking defaults for C10/song/m/n on input line 12.
LaTeX Font Info:    ... okay on input line 12.
LaTeX Font Info:    Checking defaults for C20/song/m/n on input line 12.
LaTeX Font Info:    ... okay on input line 12.
LaTeX Font Info:    Checking defaults for C19/song/m/n on input line 12.
LaTeX Font Info:    ... okay on input line 12.
LaTeX Font Info:    Checking defaults for C40/song/m/n on input line 12.
LaTeX Font Info:    ... okay on input line 12.
LaTeX Font Info:    Checking defaults for C42/song/m/n on input line 12.
LaTeX Font Info:    ... okay on input line 12.
LaTeX Font Info:    Checking defaults for C43/song/m/n on input line 12.
LaTeX Font Info:    ... okay on input line 12.
LaTeX Font Info:    Checking defaults for C50/song/m/n on input line 12.
LaTeX Font Info:    ... okay on input line 12.
LaTeX Font Info:    Checking defaults for C52/song/m/n on input line 12.
LaTeX Font Info:    ... okay on input line 12.
LaTeX Font Info:    Checking defaults for C49/song/m/n on input line 12.
LaTeX Font Info:    ... okay on input line 12.
LaTeX Font Info:    Checking defaults for C60/mj/m/n on input line 12.
LaTeX Font Info:    ... okay on input line 12.
LaTeX Font Info:    Checking defaults for C61/mj/m/n on input line 12.
LaTeX Font Info:    ... okay on input line 12.
LaTeX Font Info:    Checking defaults for C63/mj/m/n on input line 12.
LaTeX Font Info:    ... okay on input line 12.
LaTeX Font Info:    Checking defaults for C64/mj/m/n on input line 12.
LaTeX Font Info:    ... okay on input line 12.
LaTeX Font Info:    Checking defaults for C65/mj/m/n on input line 12.
LaTeX Font Info:    ... okay on input line 12.
LaTeX Font Info:    Checking defaults for C70/song/m/n on input line 12.
LaTeX Font Info:    ... okay on input line 12.
LaTeX Font Info:    Checking defaults for C31/song/m/n on input line 12.
LaTeX Font Info:    ... okay on input line 12.
LaTeX Font Info:    Checking defaults for C32/song/m/n on input line 12.
LaTeX Font Info:    ... okay on input line 12.
LaTeX Font Info:    Checking defaults for C33/song/m/n on input line 12.
LaTeX Font Info:    ... okay on input line 12.
LaTeX Font Info:    Checking defaults for C34/song/m/n on input line 12.
LaTeX Font Info:    ... okay on input line 12.
LaTeX Font Info:    Checking defaults for C35/song/m/n on input line 12.
LaTeX Font Info:    ... okay on input line 12.
LaTeX Font Info:    Checking defaults for C36/song/m/n on input line 12.
LaTeX Font Info:    ... okay on input line 12.
LaTeX Font Info:    Checking defaults for C37/song/m/n on input line 12.
LaTeX Font Info:    ... okay on input line 12.
LaTeX Font Info:    Checking defaults for C80/song/m/n on input line 12.
LaTeX Font Info:    ... okay on input line 12.
LaTeX Font Info:    Checking defaults for C81/song/m/n on input line 12.
LaTeX Font Info:    ... okay on input line 12.
LaTeX Font Info:    Checking defaults for C01/song/m/n on input line 12.
LaTeX Font Info:    ... okay on input line 12.
LaTeX Font Info:    Checking defaults for C11/song/m/n on input line 12.
LaTeX Font Info:    ... okay on input line 12.
LaTeX Font Info:    Checking defaults for C21/song/m/n on input line 12.
LaTeX Font Info:    ... okay on input line 12.
LaTeX Font Info:    Checking defaults for C41/song/m/n on input line 12.
LaTeX Font Info:    ... okay on input line 12.
LaTeX Font Info:    Checking defaults for C62/song/m/n on input line 12.
LaTeX Font Info:    ... okay on input line 12.
LaTeX Font Info:    Checking defaults for PD1/pdf/m/n on input line 12.
LaTeX Font Info:    ... okay on input line 12.
LaTeX Font Info:    Checking defaults for PU/pdf/m/n on input line 12.
LaTeX Font Info:    ... okay on input line 12.

(C:\Users\陈启钰\AppData\Local\Programs\MiKTeX\tex/context/base/mkii\supp-pd
f.mkii
[Loading MPS to PDF converter (version 2006.09.02).]
\scratchcounter=\count302
\scratchdimen=\dimen176
\scratchbox=\box60
\nofMPsegments=\count303
\nofMParguments=\count304
\everyMPshowfont=\toks29
\MPscratchCnt=\count305
\MPscratchDim=\dimen177
\MPnumerator=\count306
\makeMPintoPDFobject=\count307
\everyMPtoPDFconversion=\toks30
)
(C:\Users\陈启钰\AppData\Local\Programs\MiKTeX\tex/latex/epstopdf-pkg\epstop
df-base.sty
Package: epstopdf-base 2020-01-24 v2.11 Base part for package epstopdf
Package epstopdf-base Info: Redefining graphics rule for `.eps' on input line 4
85.

(C:\Users\陈启钰\AppData\Local\Programs\MiKTeX\tex/latex/00miktex\epstopdf-s
ys.cfg
File: epstopdf-sys.cfg 2021/03/18 v2.0 Configuration of epstopdf for MiKTeX
))
*geometry* driver: auto-detecting
*geometry* detected driver: pdftex
*geometry* verbose mode - [ preamble ] result:
* driver: pdftex
* paper: <default>
* layout: <same size as paper>
* layoutoffset:(h,v)=(0.0pt,0.0pt)
* modes: 
* h-part:(L,W,R)=(92.14519pt, 430.00462pt, 92.14519pt)
* v-part:(T,H,B)=(95.39737pt, 556.47656pt, 143.09605pt)
* \paperwidth=614.295pt
* \paperheight=794.96999pt
* \textwidth=430.00462pt
* \textheight=556.47656pt
* \oddsidemargin=19.8752pt
* \evensidemargin=19.8752pt
* \topmargin=-13.87262pt
* \headheight=12.0pt
* \headsep=25.0pt
* \topskip=10.0pt
* \footskip=30.0pt
* \marginparwidth=65.0pt
* \marginparsep=11.0pt
* \columnsep=10.0pt
* \skip\footins=9.0pt plus 4.0pt minus 2.0pt
* \hoffset=0.0pt
* \voffset=0.0pt
* \mag=1000
* \@twocolumnfalse
* \@twosidefalse
* \@mparswitchfalse
* \@reversemarginfalse
* (1in=72.27pt=25.4mm, 1cm=28.453pt)

Package hyperref Info: Link coloring OFF on input line 12.
(picture.out) (picture.out)
\@outlinefile=\write3
\openout3 = `picture.out'.

<exer3.3_ARM.jpg, id=3, 462.528pt x 346.896pt>
File: exer3.3_ARM.jpg Graphic file (type jpg)
<use exer3.3_ARM.jpg>
Package pdftex.def Info: exer3.3_ARM.jpg  used on input line 15.
(pdftex.def)             Requested size: 170.71652pt x 128.0372pt.
<exer3.3_transform.jpg, id=4, 462.528pt x 346.896pt>
File: exer3.3_transform.jpg Graphic file (type jpg)
<use exer3.3_transform.jpg>
Package pdftex.def Info: exer3.3_transform.jpg  used on input line 16.
(pdftex.def)             Requested size: 170.71652pt x 128.0372pt.
<exer3.4_n=1.jpg, id=5, 462.528pt x 346.896pt>
File: exer3.4_n=1.jpg Graphic file (type jpg)
<use exer3.4_n=1.jpg>
Package pdftex.def Info: exer3.4_n=1.jpg  used on input line 20.
(pdftex.def)             Requested size: 170.71652pt x 128.0372pt.
<exer3.4_n=2.jpg, id=6, 462.528pt x 346.896pt>
File: exer3.4_n=2.jpg Graphic file (type jpg)
<use exer3.4_n=2.jpg>
Package pdftex.def Info: exer3.4_n=2.jpg  used on input line 21.
(pdftex.def)             Requested size: 170.71652pt x 128.0372pt.
<exer3.4_n=3.jpg, id=7, 462.528pt x 346.896pt>
File: exer3.4_n=3.jpg Graphic file (type jpg)
<use exer3.4_n=3.jpg>
Package pdftex.def Info: exer3.4_n=3.jpg  used on input line 26.
(pdftex.def)             Requested size: 170.71652pt x 128.0372pt.
<exer3.4_n=4.jpg, id=8, 462.528pt x 346.896pt>
File: exer3.4_n=4.jpg Graphic file (type jpg)
<use exer3.4_n=4.jpg>
Package pdftex.def Info: exer3.4_n=4.jpg  used on input line 27.
(pdftex.def)             Requested size: 170.71652pt x 128.0372pt.
<exer3.4_n=5.jpg, id=9, 462.528pt x 346.896pt>
File: exer3.4_n=5.jpg Graphic file (type jpg)
<use exer3.4_n=5.jpg>
Package pdftex.def Info: exer3.4_n=5.jpg  used on input line 32.
(pdftex.def)             Requested size: 170.71652pt x 128.0372pt.
<exer3.4_n=6.jpg, id=10, 462.528pt x 346.896pt>
File: exer3.4_n=6.jpg Graphic file (type jpg)
<use exer3.4_n=6.jpg>
Package pdftex.def Info: exer3.4_n=6.jpg  used on input line 33.
(pdftex.def)             Requested size: 170.71652pt x 128.0372pt.

(C:\Users\陈启钰\AppData\Local\Programs\MiKTeX\tex/generic/ctex/zhmap\ctex-z
hmap-windows.tex
File: ctex-zhmap-windows.tex 2022/07/14 v2.5.10 Windows font map loader for pdf
TeX and DVIPDFMx (CTEX)
{C:/Users/陈启钰/AppData/Local/MiKTeX/fonts/map/pdftex/pdftex.map}{UGBK.sfd}
{Unicode.sfd}) [1

 <./exer3.3_ARM.jpg> <./exer3.3_transform.jpg> <./exer3.4_n=1.jpg> <./exer3.4_n
=2.jpg> <./exer3.4_n=3.jpg> <./exer3.4_n=4.jpg>]
<exer3.4_n=7.jpg, id=23, 462.528pt x 346.896pt>
File: exer3.4_n=7.jpg Graphic file (type jpg)
<use exer3.4_n=7.jpg>
Package pdftex.def Info: exer3.4_n=7.jpg  used on input line 38.
(pdftex.def)             Requested size: 170.71652pt x 128.0372pt.
<exer3.4_n=8.jpg, id=24, 462.528pt x 346.896pt>
File: exer3.4_n=8.jpg Graphic file (type jpg)
<use exer3.4_n=8.jpg>
Package pdftex.def Info: exer3.4_n=8.jpg  used on input line 39.
(pdftex.def)             Requested size: 170.71652pt x 128.0372pt.
<exer3.4_n=9.jpg, id=25, 462.528pt x 346.896pt>
File: exer3.4_n=9.jpg Graphic file (type jpg)
<use exer3.4_n=9.jpg>
Package pdftex.def Info: exer3.4_n=9.jpg  used on input line 44.
(pdftex.def)             Requested size: 170.71652pt x 128.0372pt.
<exer3.4_n=10.jpg, id=26, 462.528pt x 346.896pt>
File: exer3.4_n=10.jpg Graphic file (type jpg)
<use exer3.4_n=10.jpg>
Package pdftex.def Info: exer3.4_n=10.jpg  used on input line 45.
(pdftex.def)             Requested size: 170.71652pt x 128.0372pt.
<exer3.4_n=11.jpg, id=27, 462.528pt x 346.896pt>
File: exer3.4_n=11.jpg Graphic file (type jpg)
<use exer3.4_n=11.jpg>
Package pdftex.def Info: exer3.4_n=11.jpg  used on input line 50.
(pdftex.def)             Requested size: 170.71652pt x 128.0372pt.
<exer3.4_n=12.jpg, id=28, 462.528pt x 346.896pt>
File: exer3.4_n=12.jpg Graphic file (type jpg)
<use exer3.4_n=12.jpg>
Package pdftex.def Info: exer3.4_n=12.jpg  used on input line 51.
(pdftex.def)             Requested size: 170.71652pt x 128.0372pt.
 [2 <./exer3.4_n=5.jpg> <./exer3.4_n=6.jpg> <./exer3.4_n=7.jpg> <./exer3.4_n=8.
jpg> <./exer3.4_n=9.jpg> <./exer3.4_n=10.jpg>]
<exer3.4_n=13.jpg, id=39, 462.528pt x 346.896pt>
File: exer3.4_n=13.jpg Graphic file (type jpg)
<use exer3.4_n=13.jpg>
Package pdftex.def Info: exer3.4_n=13.jpg  used on input line 56.
(pdftex.def)             Requested size: 170.71652pt x 128.0372pt.
<exer3.4_n=14.jpg, id=40, 462.528pt x 346.896pt>
File: exer3.4_n=14.jpg Graphic file (type jpg)
<use exer3.4_n=14.jpg>
Package pdftex.def Info: exer3.4_n=14.jpg  used on input line 57.
(pdftex.def)             Requested size: 170.71652pt x 128.0372pt.
<exer3.4_n=15.jpg, id=41, 462.528pt x 346.896pt>
File: exer3.4_n=15.jpg Graphic file (type jpg)
<use exer3.4_n=15.jpg>
Package pdftex.def Info: exer3.4_n=15.jpg  used on input line 62.
(pdftex.def)             Requested size: 170.71652pt x 128.0372pt.
<exer3.4_n=16.jpg, id=42, 462.528pt x 346.896pt>
File: exer3.4_n=16.jpg Graphic file (type jpg)
<use exer3.4_n=16.jpg>
Package pdftex.def Info: exer3.4_n=16.jpg  used on input line 63.
(pdftex.def)             Requested size: 170.71652pt x 128.0372pt.
<exer3.4_n=17.jpg, id=43, 462.528pt x 346.896pt>
File: exer3.4_n=17.jpg Graphic file (type jpg)
<use exer3.4_n=17.jpg>
Package pdftex.def Info: exer3.4_n=17.jpg  used on input line 68.
(pdftex.def)             Requested size: 170.71652pt x 128.0372pt.
<exer3.4_n=18.jpg, id=44, 462.528pt x 346.896pt>
File: exer3.4_n=18.jpg Graphic file (type jpg)
<use exer3.4_n=18.jpg>
Package pdftex.def Info: exer3.4_n=18.jpg  used on input line 69.
(pdftex.def)             Requested size: 170.71652pt x 128.0372pt.
 [3 <./exer3.4_n=11.jpg> <./exer3.4_n=12.jpg> <./exer3.4_n=13.jpg> <./exer3.4_n
=14.jpg> <./exer3.4_n=15.jpg> <./exer3.4_n=16.jpg>]
<exer3.4_n=19.jpg, id=55, 462.528pt x 346.896pt>
File: exer3.4_n=19.jpg Graphic file (type jpg)
<use exer3.4_n=19.jpg>
Package pdftex.def Info: exer3.4_n=19.jpg  used on input line 74.
(pdftex.def)             Requested size: 170.71652pt x 128.0372pt.
<exer3.4_n=20.jpg, id=56, 462.528pt x 346.896pt>
File: exer3.4_n=20.jpg Graphic file (type jpg)
<use exer3.4_n=20.jpg>
Package pdftex.def Info: exer3.4_n=20.jpg  used on input line 75.
(pdftex.def)             Requested size: 170.71652pt x 128.0372pt.
<exer3.5.jpg, id=57, 462.528pt x 346.896pt>
File: exer3.5.jpg Graphic file (type jpg)
<use exer3.5.jpg>
Package pdftex.def Info: exer3.5.jpg  used on input line 80.
(pdftex.def)             Requested size: 170.71652pt x 128.0372pt.
<exer3.5_sigma_larger_than_tau.jpg, id=58, 462.528pt x 346.896pt>
File: exer3.5_sigma_larger_than_tau.jpg Graphic file (type jpg)
<use exer3.5_sigma_larger_than_tau.jpg>
Package pdftex.def Info: exer3.5_sigma_larger_than_tau.jpg  used on input line 
81.
(pdftex.def)             Requested size: 170.71652pt x 128.0372pt.
<exer3.5_sigma_smaller_than_tau.jpg, id=59, 462.528pt x 346.896pt>
File: exer3.5_sigma_smaller_than_tau.jpg Graphic file (type jpg)
<use exer3.5_sigma_smaller_than_tau.jpg>
Package pdftex.def Info: exer3.5_sigma_smaller_than_tau.jpg  used on input line
 86.
(pdftex.def)             Requested size: 170.71652pt x 128.0372pt.
<exer3.6(b).jpg, id=60, 462.528pt x 346.896pt>
File: exer3.6(b).jpg Graphic file (type jpg)
<use exer3.6(b).jpg>
Package pdftex.def Info: exer3.6(b).jpg  used on input line 87.
(pdftex.def)             Requested size: 170.71652pt x 128.0372pt.
 [4 <./exer3.4_n=17.jpg> <./exer3.4_n=18.jpg> <./exer3.4_n=19.jpg> <./exer3.4_n
=20.jpg> <./exer3.5.jpg> <./exer3.5_sigma_larger_than_tau.jpg>]
<exer3.6(c).jpg, id=71, 462.528pt x 346.896pt>
File: exer3.6(c).jpg Graphic file (type jpg)
<use exer3.6(c).jpg>
Package pdftex.def Info: exer3.6(c).jpg  used on input line 92.
(pdftex.def)             Requested size: 170.71652pt x 128.0372pt.
<exer3.7(a).jpg, id=72, 462.528pt x 346.896pt>
File: exer3.7(a).jpg Graphic file (type jpg)
<use exer3.7(a).jpg>
Package pdftex.def Info: exer3.7(a).jpg  used on input line 93.
(pdftex.def)             Requested size: 170.71652pt x 128.0372pt.
<exer3.7(b).jpg, id=73, 462.528pt x 346.896pt>
File: exer3.7(b).jpg Graphic file (type jpg)
<use exer3.7(b).jpg>
Package pdftex.def Info: exer3.7(b).jpg  used on input line 99.
(pdftex.def)             Requested size: 170.71652pt x 128.0372pt.
<exer3.7(c).jpg, id=74, 462.528pt x 346.896pt>
File: exer3.7(c).jpg Graphic file (type jpg)
<use exer3.7(c).jpg>
Package pdftex.def Info: exer3.7(c).jpg  used on input line 100.
(pdftex.def)             Requested size: 170.71652pt x 128.0372pt.
 [5 <./exer3.5_sigma_smaller_than_tau.jpg> <./exer3.6(b).jpg> <./exer3.6(c).jpg
> <./exer3.7(a).jpg> <./exer3.7(b).jpg> <./exer3.7(c).jpg>] (picture.aux)
Package rerunfilecheck Info: File `picture.out' has not changed.
(rerunfilecheck)             Checksum: D41D8CD98F00B204E9800998ECF8427E;0.
 ) 
Here is how much of TeX's memory you used:
 13855 strings out of 476326
 246224 string characters out of 5785834
 1854660 words of memory out of 5000000
 33988 multiletter control sequences out of 15000+600000
 514891 words of font info for 38 fonts, out of 8000000 for 9000
 1141 hyphenation exceptions out of 8191
 78i,7n,80p,714b,458s stack positions out of 10000i,1000n,20000p,200000b,200000s
<C:/Users/陈启钰/AppData/Local/Programs/MiKTeX/fonts/type1/public/amsfonts
/cm/cmr10.pfb>
Output written on picture.pdf (5 pages, 634140 bytes).
PDF statistics:
 98 PDF objects out of 1000 (max. 8388607)
 36 named destinations out of 1000 (max. 500000)
 151 words of extra memory for PDF output out of 10000 (max. 10000000)

